0 info it worked if it ends with ok
1 verbose cli [ '/usr/bin/nodejs', '/usr/bin/npm', 'run', 'dev' ]
2 info using npm@3.5.2
3 info using node@v4.2.6
4 verbose run-script [ 'predev', 'dev', 'postdev' ]
5 info lifecycle Mongo@1.0.0~predev: Mongo@1.0.0
6 silly lifecycle Mongo@1.0.0~predev: no script for predev, continuing
7 info lifecycle Mongo@1.0.0~dev: Mongo@1.0.0
8 verbose lifecycle Mongo@1.0.0~dev: unsafe-perm in lifecycle true
9 verbose lifecycle Mongo@1.0.0~dev: PATH: /usr/share/npm/bin/node-gyp-bin:/home/sumit/AssignmentKoa/node_modules/.bin:/home/sumit/bin:/home/sumit/.local/bin:/usr/local/sbin:/usr/local/bin:/usr/sbin:/usr/bin:/sbin:/bin:/usr/games:/usr/local/games:/snap/bin:/usr/lib/jvm/java-8-oracle/bin:/usr/lib/jvm/java-8-oracle/db/bin:/usr/lib/jvm/java-8-oracle/jre/bin:/home/sumit/oozie-4.1/oozie/bin:/usr/lib/jvm/java-8-oracle/bin:/home/sumit/Android/Sdk/tools:/home/sumit/Android/Sdk/platform-tools=/opt/gradle/gradle-3.4.1/bin:/usr/local/hadoop/sbin:/usr/local/hadoop/bin:/usr/local/apache-hive-2.1.0-bin/bin
10 verbose lifecycle Mongo@1.0.0~dev: CWD: /home/sumit/AssignmentKoa
11 silly lifecycle Mongo@1.0.0~dev: Args: [ '-c', 'nodemon --watch . clusterServer.js' ]
12 info lifecycle Mongo@1.0.0~dev: Failed to exec dev script
13 verbose stack Error: Mongo@1.0.0 dev: `nodemon --watch . clusterServer.js`
13 verbose stack spawn ENOENT
13 verbose stack     at ChildProcess.<anonymous> (/usr/share/npm/lib/utils/spawn.js:17:16)
13 verbose stack     at emitTwo (events.js:87:13)
13 verbose stack     at ChildProcess.emit (events.js:172:7)
13 verbose stack     at maybeClose (internal/child_process.js:821:16)
13 verbose stack     at Process.ChildProcess._handle.onexit (internal/child_process.js:211:5)
14 verbose pkgid Mongo@1.0.0
15 verbose cwd /home/sumit/AssignmentKoa
16 error Linux 4.15.0-32-generic
17 error argv "/usr/bin/nodejs" "/usr/bin/npm" "run" "dev"
18 error node v4.2.6
19 error npm  v3.5.2
20 error file sh
21 error code ELIFECYCLE
22 error errno ENOENT
23 error syscall spawn
24 error Mongo@1.0.0 dev: `nodemon --watch . clusterServer.js`
24 error spawn ENOENT
25 error Failed at the Mongo@1.0.0 dev script 'nodemon --watch . clusterServer.js'.
25 error Make sure you have the latest version of node.js and npm installed.
25 error If you do, this is most likely a problem with the Mongo package,
25 error not with npm itself.
25 error Tell the author that this fails on your system:
25 error     nodemon --watch . clusterServer.js
25 error You can get information on how to open an issue for this project with:
25 error     npm bugs Mongo
25 error Or if that isn't available, you can get their info via:
25 error     npm owner ls Mongo
25 error There is likely additional logging output above.
26 verbose exit [ 1, true ]
